<?xml version="1.0" encoding="UTF-8"?>
<testsuite xmlns:xsi="http://www.w3.org/2001/XMLSchema-instance" xsi:noNamespaceSchemaLocation="https://maven.apache.org/surefire/maven-surefire-plugin/xsd/surefire-test-report-3.0.xsd" version="3.0" name="es.excibank.ResourceTest" time="5.72" tests="1" errors="0" skipped="0" failures="0">
  <properties>
    <property name="java.specification.version" value="15"/>
    <property name="sun.cpu.isalist" value="amd64"/>
    <property name="test.url" value="http://localhost:8081"/>
    <property name="sun.jnu.encoding" value="Cp1252"/>
    <property name="java.class.path" value="C:\WKS\EXCIBIT\ejemplo-services\target\test-classes;C:\WKS\EXCIBIT\ejemplo-services\target\classes;C:\Users\JavierTorcal\.m2\repository\io\quarkus\quarkus-arc\1.13.4.Final\quarkus-arc-1.13.4.Final.jar;C:\Users\JavierTorcal\.m2\repository\io\quarkus\arc\arc\1.13.4.Final\arc-1.13.4.Final.jar;C:\Users\JavierTorcal\.m2\repository\jakarta\enterprise\jakarta.enterprise.cdi-api\2.0.2\jakarta.enterprise.cdi-api-2.0.2.jar;C:\Users\JavierTorcal\.m2\repository\jakarta\el\jakarta.el-api\3.0.3\jakarta.el-api-3.0.3.jar;C:\Users\JavierTorcal\.m2\repository\jakarta\interceptor\jakarta.interceptor-api\1.2.5\jakarta.interceptor-api-1.2.5.jar;C:\Users\JavierTorcal\.m2\repository\jakarta\annotation\jakarta.annotation-api\1.3.5\jakarta.annotation-api-1.3.5.jar;C:\Users\JavierTorcal\.m2\repository\jakarta\transaction\jakarta.transaction-api\1.3.3\jakarta.transaction-api-1.3.3.jar;C:\Users\JavierTorcal\.m2\repository\org\jboss\logging\jboss-logging\3.4.1.Final\jboss-logging-3.4.1.Final.jar;C:\Users\JavierTorcal\.m2\repository\io\quarkus\quarkus-core\1.13.4.Final\quarkus-core-1.13.4.Final.jar;C:\Users\JavierTorcal\.m2\repository\jakarta\inject\jakarta.inject-api\1.0\jakarta.inject-api-1.0.jar;C:\Users\JavierTorcal\.m2\repository\io\quarkus\quarkus-ide-launcher\1.13.4.Final\quarkus-ide-launcher-1.13.4.Final.jar;C:\Users\JavierTorcal\.m2\repository\io\quarkus\quarkus-development-mode-spi\1.13.4.Final\quarkus-development-mode-spi-1.13.4.Final.jar;C:\Users\JavierTorcal\.m2\repository\io\smallrye\config\smallrye-config\1.13.0\smallrye-config-1.13.0.jar;C:\Users\JavierTorcal\.m2\repository\org\eclipse\microprofile\config\microprofile-config-api\1.4\microprofile-config-api-1.4.jar;C:\Users\JavierTorcal\.m2\repository\io\smallrye\common\smallrye-common-annotation\1.5.0\smallrye-common-annotation-1.5.0.jar;C:\Users\JavierTorcal\.m2\repository\io\smallrye\common\smallrye-common-expression\1.5.0\smallrye-common-expression-1.5.0.jar;C:\Users\JavierTorcal\.m2\repository\io\smallrye\common\smallrye-common-function\1.5.0\smallrye-common-function-1.5.0.jar;C:\Users\JavierTorcal\.m2\repository\io\smallrye\common\smallrye-common-constraint\1.5.0\smallrye-common-constraint-1.5.0.jar;C:\Users\JavierTorcal\.m2\repository\io\smallrye\common\smallrye-common-classloader\1.5.0\smallrye-common-classloader-1.5.0.jar;C:\Users\JavierTorcal\.m2\repository\io\smallrye\config\smallrye-config-common\1.13.0\smallrye-config-common-1.13.0.jar;C:\Users\JavierTorcal\.m2\repository\org\jboss\logmanager\jboss-logmanager-embedded\1.0.9\jboss-logmanager-embedded-1.0.9.jar;C:\Users\JavierTorcal\.m2\repository\org\jboss\logging\jboss-logging-annotations\2.2.0.Final\jboss-logging-annotations-2.2.0.Final.jar;C:\Users\JavierTorcal\.m2\repository\org\jboss\threads\jboss-threads\3.2.0.Final\jboss-threads-3.2.0.Final.jar;C:\Users\JavierTorcal\.m2\repository\org\slf4j\slf4j-api\1.7.30\slf4j-api-1.7.30.jar;C:\Users\JavierTorcal\.m2\repository\org\jboss\slf4j\slf4j-jboss-logmanager\1.1.0.Final\slf4j-jboss-logmanager-1.1.0.Final.jar;C:\Users\JavierTorcal\.m2\repository\org\graalvm\sdk\graal-sdk\21.0.0\graal-sdk-21.0.0.jar;C:\Users\JavierTorcal\.m2\repository\org\wildfly\common\wildfly-common\1.5.4.Final-format-001\wildfly-common-1.5.4.Final-format-001.jar;C:\Users\JavierTorcal\.m2\repository\io\quarkus\quarkus-bootstrap-runner\1.13.4.Final\quarkus-bootstrap-runner-1.13.4.Final.jar;C:\Users\JavierTorcal\.m2\repository\org\eclipse\microprofile\context-propagation\microprofile-context-propagation-api\1.0.1\microprofile-context-propagation-api-1.0.1.jar;C:\Users\JavierTorcal\.m2\repository\io\quarkus\quarkus-resteasy\1.13.4.Final\quarkus-resteasy-1.13.4.Final.jar;C:\Users\JavierTorcal\.m2\repository\io\quarkus\quarkus-vertx-http\1.13.4.Final\quarkus-vertx-http-1.13.4.Final.jar;C:\Users\JavierTorcal\.m2\repository\io\quarkus\quarkus-security-runtime-spi\1.13.4.Final\quarkus-security-runtime-spi-1.13.4.Final.jar;C:\Users\JavierTorcal\.m2\repository\io\quarkus\quarkus-vertx-http-dev-console-runtime-spi\1.13.4.Final\quarkus-vertx-http-dev-console-runtime-spi-1.13.4.Final.jar;C:\Users\JavierTorcal\.m2\repository\io\quarkus\security\quarkus-security\1.1.4.Final\quarkus-security-1.1.4.Final.jar;C:\Users\JavierTorcal\.m2\repository\io\smallrye\reactive\mutiny\0.14.0\mutiny-0.14.0.jar;C:\Users\JavierTorcal\.m2\repository\org\reactivestreams\reactive-streams\1.0.3\reactive-streams-1.0.3.jar;C:\Users\JavierTorcal\.m2\repository\io\quarkus\quarkus-vertx-core\1.13.4.Final\quarkus-vertx-core-1.13.4.Final.jar;C:\Users\JavierTorcal\.m2\repository\io\quarkus\quarkus-netty\1.13.4.Final\quarkus-netty-1.13.4.Final.jar;C:\Users\JavierTorcal\.m2\repository\io\netty\netty-codec\4.1.49.Final\netty-codec-4.1.49.Final.jar;C:\Users\JavierTorcal\.m2\repository\io\netty\netty-handler\4.1.49.Final\netty-handler-4.1.49.Final.jar;C:\Users\JavierTorcal\.m2\repository\io\vertx\vertx-core\3.9.6\vertx-core-3.9.6.jar;C:\Users\JavierTorcal\.m2\repository\io\netty\netty-common\4.1.49.Final\netty-common-4.1.49.Final.jar;C:\Users\JavierTorcal\.m2\repository\io\netty\netty-buffer\4.1.49.Final\netty-buffer-4.1.49.Final.jar;C:\Users\JavierTorcal\.m2\repository\io\netty\netty-transport\4.1.49.Final\netty-transport-4.1.49.Final.jar;C:\Users\JavierTorcal\.m2\repository\io\netty\netty-handler-proxy\4.1.49.Final\netty-handler-proxy-4.1.49.Final.jar;C:\Users\JavierTorcal\.m2\repository\io\netty\netty-codec-socks\4.1.49.Final\netty-codec-socks-4.1.49.Final.jar;C:\Users\JavierTorcal\.m2\repository\io\netty\netty-codec-http\4.1.49.Final\netty-codec-http-4.1.49.Final.jar;C:\Users\JavierTorcal\.m2\repository\io\netty\netty-codec-http2\4.1.49.Final\netty-codec-http2-4.1.49.Final.jar;C:\Users\JavierTorcal\.m2\repository\io\netty\netty-resolver\4.1.49.Final\netty-resolver-4.1.49.Final.jar;C:\Users\JavierTorcal\.m2\repository\io\netty\netty-resolver-dns\4.1.49.Final\netty-resolver-dns-4.1.49.Final.jar;C:\Users\JavierTorcal\.m2\repository\io\netty\netty-codec-dns\4.1.49.Final\netty-codec-dns-4.1.49.Final.jar;C:\Users\JavierTorcal\.m2\repository\com\fasterxml\jackson\core\jackson-core\2.12.3\jackson-core-2.12.3.jar;C:\Users\JavierTorcal\.m2\repository\io\vertx\vertx-web\3.9.6\vertx-web-3.9.6.jar;C:\Users\JavierTorcal\.m2\repository\io\vertx\vertx-web-common\3.9.6\vertx-web-common-3.9.6.jar;C:\Users\JavierTorcal\.m2\repository\io\vertx\vertx-auth-common\3.9.6\vertx-auth-common-3.9.6.jar;C:\Users\JavierTorcal\.m2\repository\io\vertx\vertx-bridge-common\3.9.6\vertx-bridge-common-3.9.6.jar;C:\Users\JavierTorcal\.m2\repository\io\quarkus\quarkus-resteasy-server-common\1.13.4.Final\quarkus-resteasy-server-common-1.13.4.Final.jar;C:\Users\JavierTorcal\.m2\repository\io\quarkus\quarkus-resteasy-common\1.13.4.Final\quarkus-resteasy-common-1.13.4.Final.jar;C:\Users\JavierTorcal\.m2\repository\org\jboss\resteasy\resteasy-core\4.5.12.Final\resteasy-core-4.5.12.Final.jar;C:\Users\JavierTorcal\.m2\repository\org\jboss\spec\javax\ws\rs\jboss-jaxrs-api_2.1_spec\2.0.1.Final\jboss-jaxrs-api_2.1_spec-2.0.1.Final.jar;C:\Users\JavierTorcal\.m2\repository\org\jboss\spec\javax\xml\bind\jboss-jaxb-api_2.3_spec\2.0.0.Final\jboss-jaxb-api_2.3_spec-2.0.0.Final.jar;C:\Users\JavierTorcal\.m2\repository\org\jboss\resteasy\resteasy-core-spi\4.5.12.Final\resteasy-core-spi-4.5.12.Final.jar;C:\Users\JavierTorcal\.m2\repository\com\ibm\async\asyncutil\0.1.0\asyncutil-0.1.0.jar;C:\Users\JavierTorcal\.m2\repository\com\sun\activation\jakarta.activation\1.2.1\jakarta.activation-1.2.1.jar;C:\Users\JavierTorcal\.m2\repository\jakarta\validation\jakarta.validation-api\2.0.2\jakarta.validation-api-2.0.2.jar;C:\Users\JavierTorcal\.m2\repository\io\quarkus\quarkus-junit5\1.13.4.Final\quarkus-junit5-1.13.4.Final.jar;C:\Users\JavierTorcal\.m2\repository\io\quarkus\quarkus-bootstrap-core\1.13.4.Final\quarkus-bootstrap-core-1.13.4.Final.jar;C:\Users\JavierTorcal\.m2\repository\io\quarkus\quarkus-bootstrap-app-model\1.13.4.Final\quarkus-bootstrap-app-model-1.13.4.Final.jar;C:\Users\JavierTorcal\.m2\repository\io\quarkus\quarkus-bootstrap-maven-resolver\1.13.4.Final\quarkus-bootstrap-maven-resolver-1.13.4.Final.jar;C:\Users\JavierTorcal\.m2\repository\org\apache\maven\maven-embedder\3.6.3\maven-embedder-3.6.3.jar;C:\Users\JavierTorcal\.m2\repository\org\apache\maven\maven-settings\3.6.3\maven-settings-3.6.3.jar;C:\Users\JavierTorcal\.m2\repository\org\apache\maven\maven-core\3.6.3\maven-core-3.6.3.jar;C:\Users\JavierTorcal\.m2\repository\org\apache\maven\maven-artifact\3.6.3\maven-artifact-3.6.3.jar;C:\Users\JavierTorcal\.m2\repository\org\codehaus\plexus\plexus-component-annotations\2.1.0\plexus-component-annotations-2.1.0.jar;C:\Users\JavierTorcal\.m2\repository\org\apache\maven\maven-plugin-api\3.6.3\maven-plugin-api-3.6.3.jar;C:\Users\JavierTorcal\.m2\repository\org\apache\maven\maven-model\3.6.3\maven-model-3.6.3.jar;C:\Users\JavierTorcal\.m2\repository\org\apache\maven\maven-model-builder\3.6.3\maven-model-builder-3.6.3.jar;C:\Users\JavierTorcal\.m2\repository\org\apache\maven\maven-builder-support\3.6.3\maven-builder-support-3.6.3.jar;C:\Users\JavierTorcal\.m2\repository\org\apache\maven\resolver\maven-resolver-api\1.4.1\maven-resolver-api-1.4.1.jar;C:\Users\JavierTorcal\.m2\repository\org\apache\maven\resolver\maven-resolver-util\1.4.1\maven-resolver-util-1.4.1.jar;C:\Users\JavierTorcal\.m2\repository\org\apache\maven\shared\maven-shared-utils\3.2.1\maven-shared-utils-3.2.1.jar;C:\Users\JavierTorcal\.m2\repository\commons-io\commons-io\2.8.0\commons-io-2.8.0.jar;C:\Users\JavierTorcal\.m2\repository\com\google\inject\guice\4.2.1\guice-4.2.1-no_aop.jar;C:\Users\JavierTorcal\.m2\repository\com\google\guava\guava\30.1-jre\guava-30.1-jre.jar;C:\Users\JavierTorcal\.m2\repository\com\google\guava\failureaccess\1.0.1\failureaccess-1.0.1.jar;C:\Users\JavierTorcal\.m2\repository\com\google\guava\listenablefuture\9999.0-empty-to-avoid-conflict-with-guava\listenablefuture-9999.0-empty-to-avoid-conflict-with-guava.jar;C:\Users\JavierTorcal\.m2\repository\org\codehaus\plexus\plexus-utils\3.2.1\plexus-utils-3.2.1.jar;C:\Users\JavierTorcal\.m2\repository\org\codehaus\plexus\plexus-classworlds\2.6.0\plexus-classworlds-2.6.0.jar;C:\Users\JavierTorcal\.m2\repository\commons-cli\commons-cli\1.4\commons-cli-1.4.jar;C:\Users\JavierTorcal\.m2\repository\org\eclipse\sisu\org.eclipse.sisu.plexus\0.3.4\org.eclipse.sisu.plexus-0.3.4.jar;C:\Users\JavierTorcal\.m2\repository\org\apache\maven\maven-settings-builder\3.6.3\maven-settings-builder-3.6.3.jar;C:\Users\JavierTorcal\.m2\repository\org\codehaus\plexus\plexus-interpolation\1.25\plexus-interpolation-1.25.jar;C:\Users\JavierTorcal\.m2\repository\org\sonatype\plexus\plexus-sec-dispatcher\1.4\plexus-sec-dispatcher-1.4.jar;C:\Users\JavierTorcal\.m2\repository\org\sonatype\plexus\plexus-cipher\1.4\plexus-cipher-1.4.jar;C:\Users\JavierTorcal\.m2\repository\org\apache\maven\maven-resolver-provider\3.6.3\maven-resolver-provider-3.6.3.jar;C:\Users\JavierTorcal\.m2\repository\org\apache\maven\maven-repository-metadata\3.6.3\maven-repository-metadata-3.6.3.jar;C:\Users\JavierTorcal\.m2\repository\org\apache\maven\resolver\maven-resolver-spi\1.4.1\maven-resolver-spi-1.4.1.jar;C:\Users\JavierTorcal\.m2\repository\org\apache\maven\resolver\maven-resolver-impl\1.4.1\maven-resolver-impl-1.4.1.jar;C:\Users\JavierTorcal\.m2\repository\org\apache\maven\resolver\maven-resolver-connector-basic\1.4.1\maven-resolver-connector-basic-1.4.1.jar;C:\Users\JavierTorcal\.m2\repository\org\apache\maven\resolver\maven-resolver-transport-wagon\1.4.1\maven-resolver-transport-wagon-1.4.1.jar;C:\Users\JavierTorcal\.m2\repository\org\apache\maven\wagon\wagon-http\3.3.4\wagon-http-3.3.4.jar;C:\Users\JavierTorcal\.m2\repository\org\apache\maven\wagon\wagon-http-shared\3.3.4\wagon-http-shared-3.3.4.jar;C:\Users\JavierTorcal\.m2\repository\org\jsoup\jsoup\1.12.1\jsoup-1.12.1.jar;C:\Users\JavierTorcal\.m2\repository\org\apache\maven\wagon\wagon-provider-api\3.3.4\wagon-provider-api-3.3.4.jar;C:\Users\JavierTorcal\.m2\repository\org\apache\maven\wagon\wagon-file\3.3.4\wagon-file-3.3.4.jar;C:\Users\JavierTorcal\.m2\repository\io\quarkus\quarkus-bootstrap-gradle-resolver\1.13.4.Final\quarkus-bootstrap-gradle-resolver-1.13.4.Final.jar;C:\Users\JavierTorcal\.m2\repository\io\smallrye\common\smallrye-common-io\1.5.0\smallrye-common-io-1.5.0.jar;C:\Users\JavierTorcal\.m2\repository\org\eclipse\sisu\org.eclipse.sisu.inject\0.3.4\org.eclipse.sisu.inject-0.3.4.jar;C:\Users\JavierTorcal\.m2\repository\io\quarkus\quarkus-test-common\1.13.4.Final\quarkus-test-common-1.13.4.Final.jar;C:\Users\JavierTorcal\.m2\repository\io\quarkus\quarkus-core-deployment\1.13.4.Final\quarkus-core-deployment-1.13.4.Final.jar;C:\Users\JavierTorcal\.m2\repository\io\quarkus\gizmo\gizmo\1.0.7.Final\gizmo-1.0.7.Final.jar;C:\Users\JavierTorcal\.m2\repository\org\ow2\asm\asm-util\9.1\asm-util-9.1.jar;C:\Users\JavierTorcal\.m2\repository\org\ow2\asm\asm-tree\9.1\asm-tree-9.1.jar;C:\Users\JavierTorcal\.m2\repository\org\ow2\asm\asm-analysis\9.1\asm-analysis-9.1.jar;C:\Users\JavierTorcal\.m2\repository\org\ow2\asm\asm\9.1\asm-9.1.jar;C:\Users\JavierTorcal\.m2\repository\io\quarkus\quarkus-class-change-agent\1.13.4.Final\quarkus-class-change-agent-1.13.4.Final.jar;C:\Users\JavierTorcal\.m2\repository\io\quarkus\quarkus-devtools-utilities\1.13.4.Final\quarkus-devtools-utilities-1.13.4.Final.jar;C:\Users\JavierTorcal\.m2\repository\io\quarkus\quarkus-builder\1.13.4.Final\quarkus-builder-1.13.4.Final.jar;C:\Users\JavierTorcal\.m2\repository\io\quarkus\quarkus-jsonp-deployment\1.13.4.Final\quarkus-jsonp-deployment-1.13.4.Final.jar;C:\Users\JavierTorcal\.m2\repository\io\quarkus\quarkus-jsonp\1.13.4.Final\quarkus-jsonp-1.13.4.Final.jar;C:\Users\JavierTorcal\.m2\repository\org\glassfish\jakarta.json\1.1.6\jakarta.json-1.1.6.jar;C:\Users\JavierTorcal\.m2\repository\org\jboss\jandex\2.2.3.Final\jandex-2.2.3.Final.jar;C:\Users\JavierTorcal\.m2\repository\org\jboss\logging\commons-logging-jboss-logging\1.0.0.Final\commons-logging-jboss-logging-1.0.0.Final.jar;C:\Users\JavierTorcal\.m2\repository\org\junit\jupiter\junit-jupiter\5.7.1\junit-jupiter-5.7.1.jar;C:\Users\JavierTorcal\.m2\repository\org\junit\jupiter\junit-jupiter-api\5.7.1\junit-jupiter-api-5.7.1.jar;C:\Users\JavierTorcal\.m2\repository\org\apiguardian\apiguardian-api\1.1.0\apiguardian-api-1.1.0.jar;C:\Users\JavierTorcal\.m2\repository\org\opentest4j\opentest4j\1.2.0\opentest4j-1.2.0.jar;C:\Users\JavierTorcal\.m2\repository\org\junit\platform\junit-platform-commons\1.7.1\junit-platform-commons-1.7.1.jar;C:\Users\JavierTorcal\.m2\repository\org\junit\jupiter\junit-jupiter-params\5.7.1\junit-jupiter-params-5.7.1.jar;C:\Users\JavierTorcal\.m2\repository\org\junit\jupiter\junit-jupiter-engine\5.7.1\junit-jupiter-engine-5.7.1.jar;C:\Users\JavierTorcal\.m2\repository\org\junit\platform\junit-platform-engine\1.7.1\junit-platform-engine-1.7.1.jar;C:\Users\JavierTorcal\.m2\repository\io\quarkus\quarkus-datasource-deployment-spi\1.13.4.Final\quarkus-datasource-deployment-spi-1.13.4.Final.jar;C:\Users\JavierTorcal\.m2\repository\io\quarkus\quarkus-arc-deployment\1.13.4.Final\quarkus-arc-deployment-1.13.4.Final.jar;C:\Users\JavierTorcal\.m2\repository\io\quarkus\quarkus-vertx-http-dev-console-spi\1.13.4.Final\quarkus-vertx-http-dev-console-spi-1.13.4.Final.jar;C:\Users\JavierTorcal\.m2\repository\io\quarkus\arc\arc-processor\1.13.4.Final\arc-processor-1.13.4.Final.jar;C:\Users\JavierTorcal\.m2\repository\io\quarkus\quarkus-datasource-common\1.13.4.Final\quarkus-datasource-common-1.13.4.Final.jar;C:\Users\JavierTorcal\.m2\repository\com\thoughtworks\xstream\xstream\1.4.16\xstream-1.4.16.jar;C:\Users\JavierTorcal\.m2\repository\io\github\x-stream\mxparser\1.2.1\mxparser-1.2.1.jar;C:\Users\JavierTorcal\.m2\repository\xmlpull\xmlpull\1.1.3.1\xmlpull-1.1.3.1.jar;C:\Users\JavierTorcal\.m2\repository\io\rest-assured\rest-assured\4.3.3\rest-assured-4.3.3.jar;C:\Users\JavierTorcal\.m2\repository\org\codehaus\groovy\groovy\3.0.5\groovy-3.0.5.jar;C:\Users\JavierTorcal\.m2\repository\org\codehaus\groovy\groovy-xml\3.0.7\groovy-xml-3.0.7.jar;C:\Users\JavierTorcal\.m2\repository\org\apache\httpcomponents\httpclient\4.5.13\httpclient-4.5.13.jar;C:\Users\JavierTorcal\.m2\repository\org\apache\httpcomponents\httpcore\4.4.14\httpcore-4.4.14.jar;C:\Users\JavierTorcal\.m2\repository\commons-codec\commons-codec\1.14\commons-codec-1.14.jar;C:\Users\JavierTorcal\.m2\repository\org\apache\httpcomponents\httpmime\4.5.13\httpmime-4.5.13.jar;C:\Users\JavierTorcal\.m2\repository\org\hamcrest\hamcrest\2.1\hamcrest-2.1.jar;C:\Users\JavierTorcal\.m2\repository\org\ccil\cowan\tagsoup\tagsoup\1.2.1\tagsoup-1.2.1.jar;C:\Users\JavierTorcal\.m2\repository\io\rest-assured\json-path\4.3.3\json-path-4.3.3.jar;C:\Users\JavierTorcal\.m2\repository\org\codehaus\groovy\groovy-json\3.0.5\groovy-json-3.0.5.jar;C:\Users\JavierTorcal\.m2\repository\io\rest-assured\rest-assured-common\4.3.3\rest-assured-common-4.3.3.jar;C:\Users\JavierTorcal\.m2\repository\io\rest-assured\xml-path\4.3.3\xml-path-4.3.3.jar;C:\Users\JavierTorcal\.m2\repository\org\apache\commons\commons-lang3\3.12.0\commons-lang3-3.12.0.jar;C:\Users\JavierTorcal\.m2\repository\jakarta\xml\bind\jakarta.xml.bind-api\2.3.3\jakarta.xml.bind-api-2.3.3.jar;C:\Users\JavierTorcal\.m2\repository\jakarta\activation\jakarta.activation-api\1.2.1\jakarta.activation-api-1.2.1.jar;C:\Users\JavierTorcal\.m2\repository\com\sun\xml\bind\jaxb-impl\2.3.3\jaxb-impl-2.3.3.jar;C:\Users\JavierTorcal\.m2\repository\org\springframework\spring-core\4.3.11.RELEASE\spring-core-4.3.11.RELEASE.jar;C:\Users\JavierTorcal\.m2\repository\commons-logging\commons-logging\1.2\commons-logging-1.2.jar;C:\Users\JavierTorcal\.m2\repository\org\springframework\spring-web\4.3.11.RELEASE\spring-web-4.3.11.RELEASE.jar;C:\Users\JavierTorcal\.m2\repository\org\springframework\spring-aop\5.3.5\spring-aop-5.3.5.jar;C:\Users\JavierTorcal\.m2\repository\org\springframework\spring-beans\5.3.5\spring-beans-5.3.5.jar;C:\Users\JavierTorcal\.m2\repository\org\springframework\spring-context\5.3.5\spring-context-5.3.5.jar;C:\Users\JavierTorcal\.m2\repository\org\springframework\spring-expression\5.3.5\spring-expression-5.3.5.jar;"/>
    <property name="java.vm.vendor" value="Oracle Corporation"/>
    <property name="sun.arch.data.model" value="64"/>
    <property name="user.variant" value=""/>
    <property name="java.vendor.url" value="https://java.oracle.com/"/>
    <property name="user.timezone" value="Europe/Madrid"/>
    <property name="os.name" value="Windows 10"/>
    <property name="java.vm.specification.version" value="15"/>
    <property name="user.country" value="ES"/>
    <property name="sun.java.launcher" value="SUN_STANDARD"/>
    <property name="sun.boot.library.path" value="C:\Program Files\Java\jdk-15.0.2\bin"/>
    <property name="sun.java.command" value="C:\Users\JavierTorcal\AppData\Local\Temp\surefire10702889883768045344\surefirebooter12874392688976560370.jar C:\Users\JavierTorcal\AppData\Local\Temp\surefire10702889883768045344 2021-05-25T12-20-03_972-jvmRun1 surefire782621760767171406tmp surefire_0332380015703616352tmp"/>
    <property name="maven.home" value="C:\apache-maven-3.6.3\bin\.."/>
    <property name="jdk.debug" value="release"/>
    <property name="surefire.test.class.path" value="C:\WKS\EXCIBIT\ejemplo-services\target\test-classes;C:\WKS\EXCIBIT\ejemplo-services\target\classes;C:\Users\JavierTorcal\.m2\repository\io\quarkus\quarkus-arc\1.13.4.Final\quarkus-arc-1.13.4.Final.jar;C:\Users\JavierTorcal\.m2\repository\io\quarkus\arc\arc\1.13.4.Final\arc-1.13.4.Final.jar;C:\Users\JavierTorcal\.m2\repository\jakarta\enterprise\jakarta.enterprise.cdi-api\2.0.2\jakarta.enterprise.cdi-api-2.0.2.jar;C:\Users\JavierTorcal\.m2\repository\jakarta\el\jakarta.el-api\3.0.3\jakarta.el-api-3.0.3.jar;C:\Users\JavierTorcal\.m2\repository\jakarta\interceptor\jakarta.interceptor-api\1.2.5\jakarta.interceptor-api-1.2.5.jar;C:\Users\JavierTorcal\.m2\repository\jakarta\annotation\jakarta.annotation-api\1.3.5\jakarta.annotation-api-1.3.5.jar;C:\Users\JavierTorcal\.m2\repository\jakarta\transaction\jakarta.transaction-api\1.3.3\jakarta.transaction-api-1.3.3.jar;C:\Users\JavierTorcal\.m2\repository\org\jboss\logging\jboss-logging\3.4.1.Final\jboss-logging-3.4.1.Final.jar;C:\Users\JavierTorcal\.m2\repository\io\quarkus\quarkus-core\1.13.4.Final\quarkus-core-1.13.4.Final.jar;C:\Users\JavierTorcal\.m2\repository\jakarta\inject\jakarta.inject-api\1.0\jakarta.inject-api-1.0.jar;C:\Users\JavierTorcal\.m2\repository\io\quarkus\quarkus-ide-launcher\1.13.4.Final\quarkus-ide-launcher-1.13.4.Final.jar;C:\Users\JavierTorcal\.m2\repository\io\quarkus\quarkus-development-mode-spi\1.13.4.Final\quarkus-development-mode-spi-1.13.4.Final.jar;C:\Users\JavierTorcal\.m2\repository\io\smallrye\config\smallrye-config\1.13.0\smallrye-config-1.13.0.jar;C:\Users\JavierTorcal\.m2\repository\org\eclipse\microprofile\config\microprofile-config-api\1.4\microprofile-config-api-1.4.jar;C:\Users\JavierTorcal\.m2\repository\io\smallrye\common\smallrye-common-annotation\1.5.0\smallrye-common-annotation-1.5.0.jar;C:\Users\JavierTorcal\.m2\repository\io\smallrye\common\smallrye-common-expression\1.5.0\smallrye-common-expression-1.5.0.jar;C:\Users\JavierTorcal\.m2\repository\io\smallrye\common\smallrye-common-function\1.5.0\smallrye-common-function-1.5.0.jar;C:\Users\JavierTorcal\.m2\repository\io\smallrye\common\smallrye-common-constraint\1.5.0\smallrye-common-constraint-1.5.0.jar;C:\Users\JavierTorcal\.m2\repository\io\smallrye\common\smallrye-common-classloader\1.5.0\smallrye-common-classloader-1.5.0.jar;C:\Users\JavierTorcal\.m2\repository\io\smallrye\config\smallrye-config-common\1.13.0\smallrye-config-common-1.13.0.jar;C:\Users\JavierTorcal\.m2\repository\org\jboss\logmanager\jboss-logmanager-embedded\1.0.9\jboss-logmanager-embedded-1.0.9.jar;C:\Users\JavierTorcal\.m2\repository\org\jboss\logging\jboss-logging-annotations\2.2.0.Final\jboss-logging-annotations-2.2.0.Final.jar;C:\Users\JavierTorcal\.m2\repository\org\jboss\threads\jboss-threads\3.2.0.Final\jboss-threads-3.2.0.Final.jar;C:\Users\JavierTorcal\.m2\repository\org\slf4j\slf4j-api\1.7.30\slf4j-api-1.7.30.jar;C:\Users\JavierTorcal\.m2\repository\org\jboss\slf4j\slf4j-jboss-logmanager\1.1.0.Final\slf4j-jboss-logmanager-1.1.0.Final.jar;C:\Users\JavierTorcal\.m2\repository\org\graalvm\sdk\graal-sdk\21.0.0\graal-sdk-21.0.0.jar;C:\Users\JavierTorcal\.m2\repository\org\wildfly\common\wildfly-common\1.5.4.Final-format-001\wildfly-common-1.5.4.Final-format-001.jar;C:\Users\JavierTorcal\.m2\repository\io\quarkus\quarkus-bootstrap-runner\1.13.4.Final\quarkus-bootstrap-runner-1.13.4.Final.jar;C:\Users\JavierTorcal\.m2\repository\org\eclipse\microprofile\context-propagation\microprofile-context-propagation-api\1.0.1\microprofile-context-propagation-api-1.0.1.jar;C:\Users\JavierTorcal\.m2\repository\io\quarkus\quarkus-resteasy\1.13.4.Final\quarkus-resteasy-1.13.4.Final.jar;C:\Users\JavierTorcal\.m2\repository\io\quarkus\quarkus-vertx-http\1.13.4.Final\quarkus-vertx-http-1.13.4.Final.jar;C:\Users\JavierTorcal\.m2\repository\io\quarkus\quarkus-security-runtime-spi\1.13.4.Final\quarkus-security-runtime-spi-1.13.4.Final.jar;C:\Users\JavierTorcal\.m2\repository\io\quarkus\quarkus-vertx-http-dev-console-runtime-spi\1.13.4.Final\quarkus-vertx-http-dev-console-runtime-spi-1.13.4.Final.jar;C:\Users\JavierTorcal\.m2\repository\io\quarkus\security\quarkus-security\1.1.4.Final\quarkus-security-1.1.4.Final.jar;C:\Users\JavierTorcal\.m2\repository\io\smallrye\reactive\mutiny\0.14.0\mutiny-0.14.0.jar;C:\Users\JavierTorcal\.m2\repository\org\reactivestreams\reactive-streams\1.0.3\reactive-streams-1.0.3.jar;C:\Users\JavierTorcal\.m2\repository\io\quarkus\quarkus-vertx-core\1.13.4.Final\quarkus-vertx-core-1.13.4.Final.jar;C:\Users\JavierTorcal\.m2\repository\io\quarkus\quarkus-netty\1.13.4.Final\quarkus-netty-1.13.4.Final.jar;C:\Users\JavierTorcal\.m2\repository\io\netty\netty-codec\4.1.49.Final\netty-codec-4.1.49.Final.jar;C:\Users\JavierTorcal\.m2\repository\io\netty\netty-handler\4.1.49.Final\netty-handler-4.1.49.Final.jar;C:\Users\JavierTorcal\.m2\repository\io\vertx\vertx-core\3.9.6\vertx-core-3.9.6.jar;C:\Users\JavierTorcal\.m2\repository\io\netty\netty-common\4.1.49.Final\netty-common-4.1.49.Final.jar;C:\Users\JavierTorcal\.m2\repository\io\netty\netty-buffer\4.1.49.Final\netty-buffer-4.1.49.Final.jar;C:\Users\JavierTorcal\.m2\repository\io\netty\netty-transport\4.1.49.Final\netty-transport-4.1.49.Final.jar;C:\Users\JavierTorcal\.m2\repository\io\netty\netty-handler-proxy\4.1.49.Final\netty-handler-proxy-4.1.49.Final.jar;C:\Users\JavierTorcal\.m2\repository\io\netty\netty-codec-socks\4.1.49.Final\netty-codec-socks-4.1.49.Final.jar;C:\Users\JavierTorcal\.m2\repository\io\netty\netty-codec-http\4.1.49.Final\netty-codec-http-4.1.49.Final.jar;C:\Users\JavierTorcal\.m2\repository\io\netty\netty-codec-http2\4.1.49.Final\netty-codec-http2-4.1.49.Final.jar;C:\Users\JavierTorcal\.m2\repository\io\netty\netty-resolver\4.1.49.Final\netty-resolver-4.1.49.Final.jar;C:\Users\JavierTorcal\.m2\repository\io\netty\netty-resolver-dns\4.1.49.Final\netty-resolver-dns-4.1.49.Final.jar;C:\Users\JavierTorcal\.m2\repository\io\netty\netty-codec-dns\4.1.49.Final\netty-codec-dns-4.1.49.Final.jar;C:\Users\JavierTorcal\.m2\repository\com\fasterxml\jackson\core\jackson-core\2.12.3\jackson-core-2.12.3.jar;C:\Users\JavierTorcal\.m2\repository\io\vertx\vertx-web\3.9.6\vertx-web-3.9.6.jar;C:\Users\JavierTorcal\.m2\repository\io\vertx\vertx-web-common\3.9.6\vertx-web-common-3.9.6.jar;C:\Users\JavierTorcal\.m2\repository\io\vertx\vertx-auth-common\3.9.6\vertx-auth-common-3.9.6.jar;C:\Users\JavierTorcal\.m2\repository\io\vertx\vertx-bridge-common\3.9.6\vertx-bridge-common-3.9.6.jar;C:\Users\JavierTorcal\.m2\repository\io\quarkus\quarkus-resteasy-server-common\1.13.4.Final\quarkus-resteasy-server-common-1.13.4.Final.jar;C:\Users\JavierTorcal\.m2\repository\io\quarkus\quarkus-resteasy-common\1.13.4.Final\quarkus-resteasy-common-1.13.4.Final.jar;C:\Users\JavierTorcal\.m2\repository\org\jboss\resteasy\resteasy-core\4.5.12.Final\resteasy-core-4.5.12.Final.jar;C:\Users\JavierTorcal\.m2\repository\org\jboss\spec\javax\ws\rs\jboss-jaxrs-api_2.1_spec\2.0.1.Final\jboss-jaxrs-api_2.1_spec-2.0.1.Final.jar;C:\Users\JavierTorcal\.m2\repository\org\jboss\spec\javax\xml\bind\jboss-jaxb-api_2.3_spec\2.0.0.Final\jboss-jaxb-api_2.3_spec-2.0.0.Final.jar;C:\Users\JavierTorcal\.m2\repository\org\jboss\resteasy\resteasy-core-spi\4.5.12.Final\resteasy-core-spi-4.5.12.Final.jar;C:\Users\JavierTorcal\.m2\repository\com\ibm\async\asyncutil\0.1.0\asyncutil-0.1.0.jar;C:\Users\JavierTorcal\.m2\repository\com\sun\activation\jakarta.activation\1.2.1\jakarta.activation-1.2.1.jar;C:\Users\JavierTorcal\.m2\repository\jakarta\validation\jakarta.validation-api\2.0.2\jakarta.validation-api-2.0.2.jar;C:\Users\JavierTorcal\.m2\repository\io\quarkus\quarkus-junit5\1.13.4.Final\quarkus-junit5-1.13.4.Final.jar;C:\Users\JavierTorcal\.m2\repository\io\quarkus\quarkus-bootstrap-core\1.13.4.Final\quarkus-bootstrap-core-1.13.4.Final.jar;C:\Users\JavierTorcal\.m2\repository\io\quarkus\quarkus-bootstrap-app-model\1.13.4.Final\quarkus-bootstrap-app-model-1.13.4.Final.jar;C:\Users\JavierTorcal\.m2\repository\io\quarkus\quarkus-bootstrap-maven-resolver\1.13.4.Final\quarkus-bootstrap-maven-resolver-1.13.4.Final.jar;C:\Users\JavierTorcal\.m2\repository\org\apache\maven\maven-embedder\3.6.3\maven-embedder-3.6.3.jar;C:\Users\JavierTorcal\.m2\repository\org\apache\maven\maven-settings\3.6.3\maven-settings-3.6.3.jar;C:\Users\JavierTorcal\.m2\repository\org\apache\maven\maven-core\3.6.3\maven-core-3.6.3.jar;C:\Users\JavierTorcal\.m2\repository\org\apache\maven\maven-artifact\3.6.3\maven-artifact-3.6.3.jar;C:\Users\JavierTorcal\.m2\repository\org\codehaus\plexus\plexus-component-annotations\2.1.0\plexus-component-annotations-2.1.0.jar;C:\Users\JavierTorcal\.m2\repository\org\apache\maven\maven-plugin-api\3.6.3\maven-plugin-api-3.6.3.jar;C:\Users\JavierTorcal\.m2\repository\org\apache\maven\maven-model\3.6.3\maven-model-3.6.3.jar;C:\Users\JavierTorcal\.m2\repository\org\apache\maven\maven-model-builder\3.6.3\maven-model-builder-3.6.3.jar;C:\Users\JavierTorcal\.m2\repository\org\apache\maven\maven-builder-support\3.6.3\maven-builder-support-3.6.3.jar;C:\Users\JavierTorcal\.m2\repository\org\apache\maven\resolver\maven-resolver-api\1.4.1\maven-resolver-api-1.4.1.jar;C:\Users\JavierTorcal\.m2\repository\org\apache\maven\resolver\maven-resolver-util\1.4.1\maven-resolver-util-1.4.1.jar;C:\Users\JavierTorcal\.m2\repository\org\apache\maven\shared\maven-shared-utils\3.2.1\maven-shared-utils-3.2.1.jar;C:\Users\JavierTorcal\.m2\repository\commons-io\commons-io\2.8.0\commons-io-2.8.0.jar;C:\Users\JavierTorcal\.m2\repository\com\google\inject\guice\4.2.1\guice-4.2.1-no_aop.jar;C:\Users\JavierTorcal\.m2\repository\com\google\guava\guava\30.1-jre\guava-30.1-jre.jar;C:\Users\JavierTorcal\.m2\repository\com\google\guava\failureaccess\1.0.1\failureaccess-1.0.1.jar;C:\Users\JavierTorcal\.m2\repository\com\google\guava\listenablefuture\9999.0-empty-to-avoid-conflict-with-guava\listenablefuture-9999.0-empty-to-avoid-conflict-with-guava.jar;C:\Users\JavierTorcal\.m2\repository\org\codehaus\plexus\plexus-utils\3.2.1\plexus-utils-3.2.1.jar;C:\Users\JavierTorcal\.m2\repository\org\codehaus\plexus\plexus-classworlds\2.6.0\plexus-classworlds-2.6.0.jar;C:\Users\JavierTorcal\.m2\repository\commons-cli\commons-cli\1.4\commons-cli-1.4.jar;C:\Users\JavierTorcal\.m2\repository\org\eclipse\sisu\org.eclipse.sisu.plexus\0.3.4\org.eclipse.sisu.plexus-0.3.4.jar;C:\Users\JavierTorcal\.m2\repository\org\apache\maven\maven-settings-builder\3.6.3\maven-settings-builder-3.6.3.jar;C:\Users\JavierTorcal\.m2\repository\org\codehaus\plexus\plexus-interpolation\1.25\plexus-interpolation-1.25.jar;C:\Users\JavierTorcal\.m2\repository\org\sonatype\plexus\plexus-sec-dispatcher\1.4\plexus-sec-dispatcher-1.4.jar;C:\Users\JavierTorcal\.m2\repository\org\sonatype\plexus\plexus-cipher\1.4\plexus-cipher-1.4.jar;C:\Users\JavierTorcal\.m2\repository\org\apache\maven\maven-resolver-provider\3.6.3\maven-resolver-provider-3.6.3.jar;C:\Users\JavierTorcal\.m2\repository\org\apache\maven\maven-repository-metadata\3.6.3\maven-repository-metadata-3.6.3.jar;C:\Users\JavierTorcal\.m2\repository\org\apache\maven\resolver\maven-resolver-spi\1.4.1\maven-resolver-spi-1.4.1.jar;C:\Users\JavierTorcal\.m2\repository\org\apache\maven\resolver\maven-resolver-impl\1.4.1\maven-resolver-impl-1.4.1.jar;C:\Users\JavierTorcal\.m2\repository\org\apache\maven\resolver\maven-resolver-connector-basic\1.4.1\maven-resolver-connector-basic-1.4.1.jar;C:\Users\JavierTorcal\.m2\repository\org\apache\maven\resolver\maven-resolver-transport-wagon\1.4.1\maven-resolver-transport-wagon-1.4.1.jar;C:\Users\JavierTorcal\.m2\repository\org\apache\maven\wagon\wagon-http\3.3.4\wagon-http-3.3.4.jar;C:\Users\JavierTorcal\.m2\repository\org\apache\maven\wagon\wagon-http-shared\3.3.4\wagon-http-shared-3.3.4.jar;C:\Users\JavierTorcal\.m2\repository\org\jsoup\jsoup\1.12.1\jsoup-1.12.1.jar;C:\Users\JavierTorcal\.m2\repository\org\apache\maven\wagon\wagon-provider-api\3.3.4\wagon-provider-api-3.3.4.jar;C:\Users\JavierTorcal\.m2\repository\org\apache\maven\wagon\wagon-file\3.3.4\wagon-file-3.3.4.jar;C:\Users\JavierTorcal\.m2\repository\io\quarkus\quarkus-bootstrap-gradle-resolver\1.13.4.Final\quarkus-bootstrap-gradle-resolver-1.13.4.Final.jar;C:\Users\JavierTorcal\.m2\repository\io\smallrye\common\smallrye-common-io\1.5.0\smallrye-common-io-1.5.0.jar;C:\Users\JavierTorcal\.m2\repository\org\eclipse\sisu\org.eclipse.sisu.inject\0.3.4\org.eclipse.sisu.inject-0.3.4.jar;C:\Users\JavierTorcal\.m2\repository\io\quarkus\quarkus-test-common\1.13.4.Final\quarkus-test-common-1.13.4.Final.jar;C:\Users\JavierTorcal\.m2\repository\io\quarkus\quarkus-core-deployment\1.13.4.Final\quarkus-core-deployment-1.13.4.Final.jar;C:\Users\JavierTorcal\.m2\repository\io\quarkus\gizmo\gizmo\1.0.7.Final\gizmo-1.0.7.Final.jar;C:\Users\JavierTorcal\.m2\repository\org\ow2\asm\asm-util\9.1\asm-util-9.1.jar;C:\Users\JavierTorcal\.m2\repository\org\ow2\asm\asm-tree\9.1\asm-tree-9.1.jar;C:\Users\JavierTorcal\.m2\repository\org\ow2\asm\asm-analysis\9.1\asm-analysis-9.1.jar;C:\Users\JavierTorcal\.m2\repository\org\ow2\asm\asm\9.1\asm-9.1.jar;C:\Users\JavierTorcal\.m2\repository\io\quarkus\quarkus-class-change-agent\1.13.4.Final\quarkus-class-change-agent-1.13.4.Final.jar;C:\Users\JavierTorcal\.m2\repository\io\quarkus\quarkus-devtools-utilities\1.13.4.Final\quarkus-devtools-utilities-1.13.4.Final.jar;C:\Users\JavierTorcal\.m2\repository\io\quarkus\quarkus-builder\1.13.4.Final\quarkus-builder-1.13.4.Final.jar;C:\Users\JavierTorcal\.m2\repository\io\quarkus\quarkus-jsonp-deployment\1.13.4.Final\quarkus-jsonp-deployment-1.13.4.Final.jar;C:\Users\JavierTorcal\.m2\repository\io\quarkus\quarkus-jsonp\1.13.4.Final\quarkus-jsonp-1.13.4.Final.jar;C:\Users\JavierTorcal\.m2\repository\org\glassfish\jakarta.json\1.1.6\jakarta.json-1.1.6.jar;C:\Users\JavierTorcal\.m2\repository\org\jboss\jandex\2.2.3.Final\jandex-2.2.3.Final.jar;C:\Users\JavierTorcal\.m2\repository\org\jboss\logging\commons-logging-jboss-logging\1.0.0.Final\commons-logging-jboss-logging-1.0.0.Final.jar;C:\Users\JavierTorcal\.m2\repository\org\junit\jupiter\junit-jupiter\5.7.1\junit-jupiter-5.7.1.jar;C:\Users\JavierTorcal\.m2\repository\org\junit\jupiter\junit-jupiter-api\5.7.1\junit-jupiter-api-5.7.1.jar;C:\Users\JavierTorcal\.m2\repository\org\apiguardian\apiguardian-api\1.1.0\apiguardian-api-1.1.0.jar;C:\Users\JavierTorcal\.m2\repository\org\opentest4j\opentest4j\1.2.0\opentest4j-1.2.0.jar;C:\Users\JavierTorcal\.m2\repository\org\junit\platform\junit-platform-commons\1.7.1\junit-platform-commons-1.7.1.jar;C:\Users\JavierTorcal\.m2\repository\org\junit\jupiter\junit-jupiter-params\5.7.1\junit-jupiter-params-5.7.1.jar;C:\Users\JavierTorcal\.m2\repository\org\junit\jupiter\junit-jupiter-engine\5.7.1\junit-jupiter-engine-5.7.1.jar;C:\Users\JavierTorcal\.m2\repository\org\junit\platform\junit-platform-engine\1.7.1\junit-platform-engine-1.7.1.jar;C:\Users\JavierTorcal\.m2\repository\io\quarkus\quarkus-datasource-deployment-spi\1.13.4.Final\quarkus-datasource-deployment-spi-1.13.4.Final.jar;C:\Users\JavierTorcal\.m2\repository\io\quarkus\quarkus-arc-deployment\1.13.4.Final\quarkus-arc-deployment-1.13.4.Final.jar;C:\Users\JavierTorcal\.m2\repository\io\quarkus\quarkus-vertx-http-dev-console-spi\1.13.4.Final\quarkus-vertx-http-dev-console-spi-1.13.4.Final.jar;C:\Users\JavierTorcal\.m2\repository\io\quarkus\arc\arc-processor\1.13.4.Final\arc-processor-1.13.4.Final.jar;C:\Users\JavierTorcal\.m2\repository\io\quarkus\quarkus-datasource-common\1.13.4.Final\quarkus-datasource-common-1.13.4.Final.jar;C:\Users\JavierTorcal\.m2\repository\com\thoughtworks\xstream\xstream\1.4.16\xstream-1.4.16.jar;C:\Users\JavierTorcal\.m2\repository\io\github\x-stream\mxparser\1.2.1\mxparser-1.2.1.jar;C:\Users\JavierTorcal\.m2\repository\xmlpull\xmlpull\1.1.3.1\xmlpull-1.1.3.1.jar;C:\Users\JavierTorcal\.m2\repository\io\rest-assured\rest-assured\4.3.3\rest-assured-4.3.3.jar;C:\Users\JavierTorcal\.m2\repository\org\codehaus\groovy\groovy\3.0.5\groovy-3.0.5.jar;C:\Users\JavierTorcal\.m2\repository\org\codehaus\groovy\groovy-xml\3.0.7\groovy-xml-3.0.7.jar;C:\Users\JavierTorcal\.m2\repository\org\apache\httpcomponents\httpclient\4.5.13\httpclient-4.5.13.jar;C:\Users\JavierTorcal\.m2\repository\org\apache\httpcomponents\httpcore\4.4.14\httpcore-4.4.14.jar;C:\Users\JavierTorcal\.m2\repository\commons-codec\commons-codec\1.14\commons-codec-1.14.jar;C:\Users\JavierTorcal\.m2\repository\org\apache\httpcomponents\httpmime\4.5.13\httpmime-4.5.13.jar;C:\Users\JavierTorcal\.m2\repository\org\hamcrest\hamcrest\2.1\hamcrest-2.1.jar;C:\Users\JavierTorcal\.m2\repository\org\ccil\cowan\tagsoup\tagsoup\1.2.1\tagsoup-1.2.1.jar;C:\Users\JavierTorcal\.m2\repository\io\rest-assured\json-path\4.3.3\json-path-4.3.3.jar;C:\Users\JavierTorcal\.m2\repository\org\codehaus\groovy\groovy-json\3.0.5\groovy-json-3.0.5.jar;C:\Users\JavierTorcal\.m2\repository\io\rest-assured\rest-assured-common\4.3.3\rest-assured-common-4.3.3.jar;C:\Users\JavierTorcal\.m2\repository\io\rest-assured\xml-path\4.3.3\xml-path-4.3.3.jar;C:\Users\JavierTorcal\.m2\repository\org\apache\commons\commons-lang3\3.12.0\commons-lang3-3.12.0.jar;C:\Users\JavierTorcal\.m2\repository\jakarta\xml\bind\jakarta.xml.bind-api\2.3.3\jakarta.xml.bind-api-2.3.3.jar;C:\Users\JavierTorcal\.m2\repository\jakarta\activation\jakarta.activation-api\1.2.1\jakarta.activation-api-1.2.1.jar;C:\Users\JavierTorcal\.m2\repository\com\sun\xml\bind\jaxb-impl\2.3.3\jaxb-impl-2.3.3.jar;C:\Users\JavierTorcal\.m2\repository\org\springframework\spring-core\4.3.11.RELEASE\spring-core-4.3.11.RELEASE.jar;C:\Users\JavierTorcal\.m2\repository\commons-logging\commons-logging\1.2\commons-logging-1.2.jar;C:\Users\JavierTorcal\.m2\repository\org\springframework\spring-web\4.3.11.RELEASE\spring-web-4.3.11.RELEASE.jar;C:\Users\JavierTorcal\.m2\repository\org\springframework\spring-aop\5.3.5\spring-aop-5.3.5.jar;C:\Users\JavierTorcal\.m2\repository\org\springframework\spring-beans\5.3.5\spring-beans-5.3.5.jar;C:\Users\JavierTorcal\.m2\repository\org\springframework\spring-context\5.3.5\spring-context-5.3.5.jar;C:\Users\JavierTorcal\.m2\repository\org\springframework\spring-expression\5.3.5\spring-expression-5.3.5.jar;"/>
    <property name="sun.cpu.endian" value="little"/>
    <property name="user.home" value="C:\Users\JavierTorcal"/>
    <property name="user.language" value="es"/>
    <property name="java.specification.vendor" value="Oracle Corporation"/>
    <property name="io.netty.allocator.maxOrder" value="1"/>
    <property name="java.version.date" value="2021-01-19"/>
    <property name="java.home" value="C:\Program Files\Java\jdk-15.0.2"/>
    <property name="file.separator" value="\"/>
    <property name="basedir" value="C:\WKS\EXCIBIT\ejemplo-services"/>
    <property name="java.vm.compressedOopsMode" value="Zero based"/>
    <property name="line.separator" value="&#10;"/>
    <property name="java.vm.specification.vendor" value="Oracle Corporation"/>
    <property name="java.specification.name" value="Java Platform API Specification"/>
    <property name="surefire.real.class.path" value="C:\Users\JavierTorcal\AppData\Local\Temp\surefire10702889883768045344\surefirebooter12874392688976560370.jar"/>
    <property name="user.script" value=""/>
    <property name="sun.management.compiler" value="HotSpot 64-Bit Tiered Compilers"/>
    <property name="java.runtime.version" value="15.0.2+7-27"/>
    <property name="user.name" value="JavierTorcal"/>
    <property name="path.separator" value=";"/>
    <property name="os.version" value="10.0"/>
    <property name="java.runtime.name" value="Java(TM) SE Runtime Environment"/>
    <property name="file.encoding" value="Cp1252"/>
    <property name="sun.nio.ch.bugLevel" value=""/>
    <property name="java.vm.name" value="Java HotSpot(TM) 64-Bit Server VM"/>
    <property name="io.netty.noJdkZlibDecoder" value="false"/>
    <property name="localRepository" value="C:\Users\JavierTorcal\.m2\repository"/>
    <property name="java.vendor.url.bug" value="https://bugreport.java.com/bugreport/"/>
    <property name="java.io.tmpdir" value="C:\Users\JAVIER~1\AppData\Local\Temp\"/>
    <property name="quarkus.log.file.path" value="target\quarkus.log"/>
    <property name="java.version" value="15.0.2"/>
    <property name="user.dir" value="C:\WKS\EXCIBIT\ejemplo-services"/>
    <property name="os.arch" value="amd64"/>
    <property name="java.vm.specification.name" value="Java Virtual Machine Specification"/>
    <property name="vertx.disableDnsResolver" value="true"/>
    <property name="sun.os.patch.level" value=""/>
    <property name="java.util.logging.manager" value="org.jboss.logmanager.LogManager"/>
    <property name="java.library.path" value="C:\Program Files\Java\jdk-15.0.2\bin;C:\WINDOWS\Sun\Java\bin;C:\WINDOWS\system32;C:\WINDOWS;C:\Program Files\Common Files\Oracle\Java\javapath;C:\Program Files (x86)\Common Files\Oracle\Java\javapath;C:\WINDOWS\system32;C:\WINDOWS;C:\WINDOWS\System32\Wbem;C:\WINDOWS\System32\WindowsPowerShell\v1.0\;C:\WINDOWS\System32\OpenSSH\;C:\Program Files\Git\cmd;C:\apache-maven-3.6.3\bin;;C:\Program Files\Docker\Docker\resources\bin;C:\ProgramData\DockerDesktop\version-bin;C:\Users\JavierTorcal\AppData\Local\Microsoft\WindowsApps;."/>
    <property name="java.vm.info" value="mixed mode, sharing"/>
    <property name="java.vendor" value="Oracle Corporation"/>
    <property name="java.vm.version" value="15.0.2+7-27"/>
    <property name="sun.io.unicode.encoding" value="UnicodeLittle"/>
    <property name="io.netty.machineId" value="7c:e3:f3:2b:30:fe:35:7b"/>
    <property name="java.class.version" value="59.0"/>
  </properties>
  <testcase name="tc_001" classname="es.excibank.ResourceTest" time="0.398">
    <system-out><![CDATA[2021-05-25 12:20:05,608 WARN  [io.qua.boo.res.mav.BootstrapMavenContext] (main) Settings problem encountered at C:\Users\JavierTorcal\.m2\settings.xml, line 24, column 13: org.apache.maven.settings.io.SettingsParseException: Unrecognised tag: 'servers' (position: START_TAG seen ...</properties>\r\n\t  <servers>... @24:13) 
	at org.apache.maven.settings.io.DefaultSettingsReader.read(DefaultSettingsReader.java:87)
	at org.apache.maven.settings.building.DefaultSettingsBuilder.readSettings(DefaultSettingsBuilder.java:182)
	at org.apache.maven.settings.building.DefaultSettingsBuilder.build(DefaultSettingsBuilder.java:108)
	at io.quarkus.bootstrap.resolver.maven.BootstrapMavenContext.getEffectiveSettings(BootstrapMavenContext.java:252)
	at io.quarkus.bootstrap.resolver.maven.BootstrapMavenContext.isOffline(BootstrapMavenContext.java:218)
	at io.quarkus.bootstrap.resolver.maven.BootstrapMavenContext.newRepositorySystem(BootstrapMavenContext.java:648)
	at io.quarkus.bootstrap.resolver.maven.BootstrapMavenContext.getRepositorySystem(BootstrapMavenContext.java:223)
	at io.quarkus.bootstrap.resolver.maven.MavenArtifactResolver.<init>(MavenArtifactResolver.java:113)
	at io.quarkus.bootstrap.BootstrapAppModelFactory.getAppModelResolver(BootstrapAppModelFactory.java:192)
	at io.quarkus.bootstrap.BootstrapAppModelFactory.resolveAppModel(BootstrapAppModelFactory.java:305)
	at io.quarkus.bootstrap.app.QuarkusBootstrap.bootstrap(QuarkusBootstrap.java:163)
	at io.quarkus.test.junit.QuarkusTestExtension.doJavaStart(QuarkusTestExtension.java:300)
	at io.quarkus.test.junit.QuarkusTestExtension.ensureStarted(QuarkusTestExtension.java:643)
	at io.quarkus.test.junit.QuarkusTestExtension.beforeAll(QuarkusTestExtension.java:689)
	at org.junit.jupiter.engine.descriptor.ClassBasedTestDescriptor.lambda$invokeBeforeAllCallbacks$8(ClassBasedTestDescriptor.java:368)
	at org.junit.platform.engine.support.hierarchical.ThrowableCollector.execute(ThrowableCollector.java:73)
	at org.junit.jupiter.engine.descriptor.ClassBasedTestDescriptor.invokeBeforeAllCallbacks(ClassBasedTestDescriptor.java:368)
	at org.junit.jupiter.engine.descriptor.ClassBasedTestDescriptor.before(ClassBasedTestDescriptor.java:192)
	at org.junit.jupiter.engine.descriptor.ClassBasedTestDescriptor.before(ClassBasedTestDescriptor.java:78)
	at org.junit.platform.engine.support.hierarchical.NodeTestTask.lambda$executeRecursively$5(NodeTestTask.java:136)
	at org.junit.platform.engine.support.hierarchical.ThrowableCollector.execute(ThrowableCollector.java:73)
	at org.junit.platform.engine.support.hierarchical.NodeTestTask.lambda$executeRecursively$7(NodeTestTask.java:129)
	at org.junit.platform.engine.support.hierarchical.Node.around(Node.java:137)
	at org.junit.platform.engine.support.hierarchical.NodeTestTask.lambda$executeRecursively$8(NodeTestTask.java:127)
	at org.junit.platform.engine.support.hierarchical.ThrowableCollector.execute(ThrowableCollector.java:73)
	at org.junit.platform.engine.support.hierarchical.NodeTestTask.executeRecursively(NodeTestTask.java:126)
	at org.junit.platform.engine.support.hierarchical.NodeTestTask.execute(NodeTestTask.java:84)
	at java.base/java.util.ArrayList.forEach(ArrayList.java:1511)
	at org.junit.platform.engine.support.hierarchical.SameThreadHierarchicalTestExecutorService.invokeAll(SameThreadHierarchicalTestExecutorService.java:38)
	at org.junit.platform.engine.support.hierarchical.NodeTestTask.lambda$executeRecursively$5(NodeTestTask.java:143)
	at org.junit.platform.engine.support.hierarchical.ThrowableCollector.execute(ThrowableCollector.java:73)
	at org.junit.platform.engine.support.hierarchical.NodeTestTask.lambda$executeRecursively$7(NodeTestTask.java:129)
	at org.junit.platform.engine.support.hierarchical.Node.around(Node.java:137)
	at org.junit.platform.engine.support.hierarchical.NodeTestTask.lambda$executeRecursively$8(NodeTestTask.java:127)
	at org.junit.platform.engine.support.hierarchical.ThrowableCollector.execute(ThrowableCollector.java:73)
	at org.junit.platform.engine.support.hierarchical.NodeTestTask.executeRecursively(NodeTestTask.java:126)
	at org.junit.platform.engine.support.hierarchical.NodeTestTask.execute(NodeTestTask.java:84)
	at org.junit.platform.engine.support.hierarchical.SameThreadHierarchicalTestExecutorService.submit(SameThreadHierarchicalTestExecutorService.java:32)
	at org.junit.platform.engine.support.hierarchical.HierarchicalTestExecutor.execute(HierarchicalTestExecutor.java:57)
	at org.junit.platform.engine.support.hierarchical.HierarchicalTestEngine.execute(HierarchicalTestEngine.java:51)
	at org.junit.platform.launcher.core.EngineExecutionOrchestrator.execute(EngineExecutionOrchestrator.java:108)
	at org.junit.platform.launcher.core.EngineExecutionOrchestrator.execute(EngineExecutionOrchestrator.java:88)
	at org.junit.platform.launcher.core.EngineExecutionOrchestrator.lambda$execute$0(EngineExecutionOrchestrator.java:54)
	at org.junit.platform.launcher.core.EngineExecutionOrchestrator.withInterceptedStreams(EngineExecutionOrchestrator.java:67)
	at org.junit.platform.launcher.core.EngineExecutionOrchestrator.execute(EngineExecutionOrchestrator.java:52)
	at org.junit.platform.launcher.core.DefaultLauncher.execute(DefaultLauncher.java:96)
	at org.junit.platform.launcher.core.DefaultLauncher.execute(DefaultLauncher.java:75)
	at org.apache.maven.surefire.junitplatform.JUnitPlatformProvider.execute(JUnitPlatformProvider.java:188)
	at org.apache.maven.surefire.junitplatform.JUnitPlatformProvider.invokeAllTests(JUnitPlatformProvider.java:154)
	at org.apache.maven.surefire.junitplatform.JUnitPlatformProvider.invoke(JUnitPlatformProvider.java:128)
	at org.apache.maven.surefire.booter.ForkedBooter.runSuitesInProcess(ForkedBooter.java:428)
	at org.apache.maven.surefire.booter.ForkedBooter.execute(ForkedBooter.java:162)
	at org.apache.maven.surefire.booter.ForkedBooter.run(ForkedBooter.java:562)
	at org.apache.maven.surefire.booter.ForkedBooter.main(ForkedBooter.java:548)
Caused by: org.codehaus.plexus.util.xml.pull.XmlPullParserException: Unrecognised tag: 'servers' (position: START_TAG seen ...</properties>\r\n\t  <servers>... @24:13) 
	at org.apache.maven.settings.io.xpp3.SettingsXpp3Reader.checkUnknownElement(SettingsXpp3Reader.java:149)
	at org.apache.maven.settings.io.xpp3.SettingsXpp3Reader.parseProfile(SettingsXpp3Reader.java:1008)
	at org.apache.maven.settings.io.xpp3.SettingsXpp3Reader.parseSettings(SettingsXpp3Reader.java:1432)
	at org.apache.maven.settings.io.xpp3.SettingsXpp3Reader.read(SettingsXpp3Reader.java:1544)
	at org.apache.maven.settings.io.xpp3.SettingsXpp3Reader.read(SettingsXpp3Reader.java:566)
	at org.apache.maven.settings.io.xpp3.SettingsXpp3Reader.read(SettingsXpp3Reader.java:595)
	at org.apache.maven.settings.io.DefaultSettingsReader.read(DefaultSettingsReader.java:83)
	... 53 more

2021-05-25 12:20:09,712 WARN  [io.qua.res.com.dep.ResteasyCommonProcessor] (build-42) Quarkus detected the need of REST JSON support but you have not provided the necessary JSON extension for this. You can visit https://quarkus.io/guides/rest-json for more information on how to set one.
2021-05-25 12:20:10,515 INFO  [io.quarkus] (main) Quarkus 1.13.4.Final on JVM started in 2.090s. Listening on: http://localhost:8081
2021-05-25 12:20:10,515 INFO  [io.quarkus] (main) Profile test activated. 
2021-05-25 12:20:10,515 INFO  [io.quarkus] (main) Installed features: [cdi, resteasy]
]]></system-out>
  </testcase>
</testsuite>